Using pre-set license
Built from '2021.1/staging' branch; Version is '2021.1.2f1 (e5d502d80fbb) revision 15062274'; Using compiler version '192528614'; Build Type 'Release'
OS: 'Windows 10 Pro; OS build 19041.1288; Version 2004; 64bit' Language: 'en' Physical Memory: 3964 MB
BatchMode: 1, IsHumanControllingUs: 0, StartBugReporterOnCrash: 0, Is64bit: 1, IsPro: 0

 COMMAND LINE ARGUMENTS:
C:\Program Files\Unity\Hub\Editor\2021.1.2f1\Editor\Unity.exe
-adb2
-batchMode
-noUpm
-name
AssetImportWorker3
-projectPath
C:/Users/User PC/Downloads/Midterm/Midterm
-logFile
Logs/AssetImportWorker3.log
-srvPort
56958
Successfully changed project path to: C:/Users/User PC/Downloads/Midterm/Midterm
C:/Users/User PC/Downloads/Midterm/Midterm
Using Asset Import Pipeline V2.
Refreshing native plugins compatible for Editor in 21.43 ms, found 0 plugins.
Preloading 0 native plugins for Editor in 0.00 ms.
Initialize engine version: 2021.1.2f1 (e5d502d80fbb)
[Subsystems] Discovering subsystems at path C:/Program Files/Unity/Hub/Editor/2021.1.2f1/Editor/Data/Resources/UnitySubsystems
[Subsystems] Discovering subsystems at path C:/Users/User PC/Downloads/Midterm/Midterm/Assets
GfxDevice: creating device client; threaded=0; jobified=0
Direct3D:
    Version:  Direct3D 11.0 [level 11.1]
    Renderer: Intel(R) UHD Graphics 630 (ID=0x3e91)
    Vendor:   Intel
    VRAM:     1982 MB
    Driver:   27.20.100.8873
Initialize mono
Mono path[0] = 'C:/Program Files/Unity/Hub/Editor/2021.1.2f1/Editor/Data/Managed'
Mono path[1] = 'C:/Program Files/Unity/Hub/Editor/2021.1.2f1/Editor/Data/MonoBleedingEdge/lib/mono/unityjit'
Mono config path = 'C:/Program Files/Unity/Hub/Editor/2021.1.2f1/Editor/Data/MonoBleedingEdge/etc'
Using monoOptions --debugger-agent=transport=dt_socket,embedding=1,server=y,suspend=n,address=127.0.0.1:56852
Begin MonoManager ReloadAssembly
Registering precompiled unity dll's ...
Register platform support module: C:/Program Files/Unity/Hub/Editor/2021.1.2f1/Editor/Data/PlaybackEngines/WindowsStandaloneSupport/UnityEditor.WindowsStandalone.Extensions.dll
Registered in 0.001748 seconds.
Native extension for WindowsStandalone target not found
Refreshing native plugins compatible for Editor in 25.50 ms, found 0 plugins.
Preloading 0 native plugins for Editor in 0.00 ms.
Mono: successfully reloaded assembly
- Completed reload, in  1.730 seconds
Platform modules already initialized, skipping
Registering precompiled user dll's ...
Registered in 0.000964 seconds.
Begin MonoManager ReloadAssembly
Native extension for WindowsStandalone target not found
Refreshing native plugins compatible for Editor in 0.33 ms, found 0 plugins.
Preloading 0 native plugins for Editor in 0.00 ms.
Mono: successfully reloaded assembly
- Completed reload, in  2.243 seconds
Platform modules already initialized, skipping
========================================================================
Worker process is ready to serve import requests
Launched and connected shader compiler UnityShaderCompiler.exe after 0.34 seconds
Refreshing native plugins compatible for Editor in 0.26 ms, found 0 plugins.
Preloading 0 native plugins for Editor in 0.00 ms.
Unloading 1142 Unused Serialized files (Serialized files now loaded: 0)
System memory in use before: 59.2 MB.
System memory in use after: 59.2 MB.

Unloading 9 unused Assets to reduce memory usage. Loaded Objects now: 1605.
Total: 1.915800 ms (FindLiveObjects: 0.164300 ms CreateObjectMapping: 0.057400 ms MarkObjects: 1.643600 ms  DeleteObjects: 0.049400 ms)

========================================================================
Received Import Request.
  path: Assets/Material/Orange.mat
  artifactKey: Guid(6b79bbc6b0248c740be65838315913b3) Importer(815301076,1909f56bfc062723c751e8b465ee728b)
Start importing Assets/Material/Orange.mat using Guid(6b79bbc6b0248c740be65838315913b3) Importer(815301076,1909f56bfc062723c751e8b465ee728b)  -> (artifact id: 'e54c7fded38c8148be8af603db768cdf') in 1.109476 seconds 
========================================================================
Received Import Request.
  Time since last request: 0.017540 seconds.
  path: Assets/Material/Red.mat
  artifactKey: Guid(52e78113d4ff2074c80e76652918bb56) Importer(815301076,1909f56bfc062723c751e8b465ee728b)
Start importing Assets/Material/Red.mat using Guid(52e78113d4ff2074c80e76652918bb56) Importer(815301076,1909f56bfc062723c751e8b465ee728b)  -> (artifact id: '3307098462570984c7c2d540edc4fee0') in 0.100685 seconds 
========================================================================
Received Import Request.
  Time since last request: 0.000285 seconds.
  path: Assets/Material/Blue.mat
  artifactKey: Guid(955a96f8d261aa0438afeba572b8f1a0) Importer(815301076,1909f56bfc062723c751e8b465ee728b)
Start importing Assets/Material/Blue.mat using Guid(955a96f8d261aa0438afeba572b8f1a0) Importer(815301076,1909f56bfc062723c751e8b465ee728b)  -> (artifact id: '2c51599b0d11ecea9267e7731dd40103') in 0.193499 seconds 
========================================================================
Received Import Request.
  Time since last request: 0.000647 seconds.
  path: Assets/Material/Green.mat
  artifactKey: Guid(2fc56d822eec6d444bc4eb39c56e5e74) Importer(815301076,1909f56bfc062723c751e8b465ee728b)
Start importing Assets/Material/Green.mat using Guid(2fc56d822eec6d444bc4eb39c56e5e74) Importer(815301076,1909f56bfc062723c751e8b465ee728b)  -> (artifact id: '536fde3b233b9deb9b59dc4a2bb81ca3') in 0.034672 seconds 
========================================================================
Received Import Request.
  Time since last request: 0.000206 seconds.
  path: Assets/Material/301-3013187_maze-labyrinth-simple-way-out-comments-simple-maze.png
  artifactKey: Guid(39309fdb9fd2d8643b0a57dfd84085e7) Importer(815301076,1909f56bfc062723c751e8b465ee728b)
Start importing Assets/Material/301-3013187_maze-labyrinth-simple-way-out-comments-simple-maze.png using Guid(39309fdb9fd2d8643b0a57dfd84085e7) Importer(815301076,1909f56bfc062723c751e8b465ee728b)  -> (artifact id: 'c1320493ea2fd4f4bc0cf6dce815e68f') in 0.175684 seconds 
========================================================================
Received Import Request.
  Time since last request: 621.721859 seconds.
  path: Assets/Material/Green.mat
  artifactKey: Guid(2fc56d822eec6d444bc4eb39c56e5e74) Importer(815301076,1909f56bfc062723c751e8b465ee728b)
Start importing Assets/Material/Green.mat using Guid(2fc56d822eec6d444bc4eb39c56e5e74) Importer(815301076,1909f56bfc062723c751e8b465ee728b)  -> (artifact id: '164fc1c3ef5e0699c5457c5d9c5edfe4') in 0.036483 seconds 
========================================================================
Received Import Request.
  Time since last request: 162.104400 seconds.
  path: Assets/Material/Materials
  artifactKey: Guid(97bd6de66c8bb09448039a4c33ede6b4) Importer(815301076,1909f56bfc062723c751e8b465ee728b)
Start importing Assets/Material/Materials using Guid(97bd6de66c8bb09448039a4c33ede6b4) Importer(815301076,1909f56bfc062723c751e8b465ee728b)  -> (artifact id: '40fd874406506d631749a9e8a85d6f3f') in 0.009721 seconds 
========================================================================
Received Import Request.
  Time since last request: 0.057553 seconds.
  path: Assets/Material/Materials/301-3013187_maze-labyrinth-simple-way-out-comments-simple-maze.mat
  artifactKey: Guid(04472699bb008794ea216b1180d4960c) Importer(815301076,1909f56bfc062723c751e8b465ee728b)
Start importing Assets/Material/Materials/301-3013187_maze-labyrinth-simple-way-out-comments-simple-maze.mat using Guid(04472699bb008794ea216b1180d4960c) Importer(815301076,1909f56bfc062723c751e8b465ee728b)  -> (artifact id: '54f345daab257e28136d7f05c9dfb07f') in 0.030299 seconds 
========================================================================
Received Import Request.
  Time since last request: 188.834334 seconds.
  path: Assets/Material
  artifactKey: Guid(631d55aa3361a0646b69337e57c9d390) Importer(815301076,1909f56bfc062723c751e8b465ee728b)
Start importing Assets/Material using Guid(631d55aa3361a0646b69337e57c9d390) Importer(815301076,1909f56bfc062723c751e8b465ee728b)  -> (artifact id: '7c296a6031337e980cf3488a52e9ea4f') in 0.013082 seconds 
========================================================================
Received Import Request.
  Time since last request: 18.047433 seconds.
  path: Assets/Material/New Physics Material 2D.physicsMaterial2D
  artifactKey: Guid(461a3390fb2fd9f48ba18de23699df16) Importer(815301076,1909f56bfc062723c751e8b465ee728b)
Start importing Assets/Material/New Physics Material 2D.physicsMaterial2D using Guid(461a3390fb2fd9f48ba18de23699df16) Importer(815301076,1909f56bfc062723c751e8b465ee728b)  -> (artifact id: '0c9c5f987e745a6870cd6e66dfbf2828') in 0.015021 seconds 
========================================================================
Received Import Request.
  Time since last request: 84.358557 seconds.
  path: Assets/Material/blue.mat
  artifactKey: Guid(52e78113d4ff2074c80e76652918bb56) Importer(815301076,1909f56bfc062723c751e8b465ee728b)
Start importing Assets/Material/blue.mat using Guid(52e78113d4ff2074c80e76652918bb56) Importer(815301076,1909f56bfc062723c751e8b465ee728b)  -> (artifact id: '377546043af5d0b5df5521b1006b69a1') in 0.013481 seconds 
AssetImportWorkerClient::OnTransportError - code=2 error=End of file
